0 verbose cli C:\Program Files\nodejs\node.exe C:\Program Files\nodejs\node_modules\npm\bin\npm-cli.js
1 info using npm@11.6.2
2 info using node@v24.13.0
3 silly config load:file:C:\Program Files\nodejs\node_modules\npm\npmrc
4 silly config load:file:C:\Users\toshi\git\ReflexFiles\app\.npmrc
5 silly config load:file:C:\Users\toshi\.npmrc
6 silly config load:file:C:\Users\toshi\AppData\Roaming\npm\etc\npmrc
7 verbose title npm install highlight.js@^11.11.1
8 verbose argv "install" "highlight.js@^11.11.1" "--cache" "./.npm-cache"
9 verbose logfile logs-max:10 dir:C:\Users\toshi\git\ReflexFiles\app\.npm-cache\_logs\2026-02-14T08_07_48_842Z-
10 verbose logfile C:\Users\toshi\git\ReflexFiles\app\.npm-cache\_logs\2026-02-14T08_07_48_842Z-debug-0.log
11 silly logfile done cleaning log files
12 silly packumentCache heap:4496293888 maxSize:1124073472 maxEntrySize:562036736
13 verbose shrinkwrap failed to load node_modules/.package-lock.json out of date, updated: node_modules
14 silly idealTree buildDeps
15 silly fetch manifest highlight.js@^11.11.1
16 silly packumentCache full:https://registry.npmjs.org/highlight.js cache-miss
17 http fetch GET 200 https://registry.npmjs.org/highlight.js 136ms (cache miss)
18 silly packumentCache full:https://registry.npmjs.org/highlight.js set size:undefined disposed:false
19 silly placeDep ROOT highlight.js@11.11.1 OK for: app@0.1.0 want: ^11.11.1
20 silly reify moves {}
21 http fetch GET 200 https://registry.npmjs.org/npm 216ms
22 silly audit bulk request {
22 silly audit   '@bazel/runfiles': [ '6.5.0' ],
22 silly audit   '@esbuild/aix-ppc64': [ '0.25.12' ],
22 silly audit   '@esbuild/android-arm': [ '0.25.12' ],
22 silly audit   '@esbuild/android-arm64': [ '0.25.12' ],
22 silly audit   '@esbuild/android-x64': [ '0.25.12' ],
22 silly audit   '@esbuild/darwin-arm64': [ '0.25.12' ],
22 silly audit   '@esbuild/darwin-x64': [ '0.25.12' ],
22 silly audit   '@esbuild/freebsd-arm64': [ '0.25.12' ],
22 silly audit   '@esbuild/freebsd-x64': [ '0.25.12' ],
22 silly audit   '@esbuild/linux-arm': [ '0.25.12' ],
22 silly audit   '@esbuild/linux-arm64': [ '0.25.12' ],
22 silly audit   '@esbuild/linux-ia32': [ '0.25.12' ],
22 silly audit   '@esbuild/linux-loong64': [ '0.25.12' ],
22 silly audit   '@esbuild/linux-mips64el': [ '0.25.12' ],
22 silly audit   '@esbuild/linux-ppc64': [ '0.25.12' ],
22 silly audit   '@esbuild/linux-riscv64': [ '0.25.12' ],
22 silly audit   '@esbuild/linux-s390x': [ '0.25.12' ],
22 silly audit   '@esbuild/linux-x64': [ '0.25.12' ],
22 silly audit   '@esbuild/netbsd-arm64': [ '0.25.12' ],
22 silly audit   '@esbuild/netbsd-x64': [ '0.25.12' ],
22 silly audit   '@esbuild/openbsd-arm64': [ '0.25.12' ],
22 silly audit   '@esbuild/openbsd-x64': [ '0.25.12' ],
22 silly audit   '@esbuild/openharmony-arm64': [ '0.25.12' ],
22 silly audit   '@esbuild/sunos-x64': [ '0.25.12' ],
22 silly audit   '@esbuild/win32-arm64': [ '0.25.12' ],
22 silly audit   '@esbuild/win32-ia32': [ '0.25.12' ],
22 silly audit   '@esbuild/win32-x64': [ '0.25.12' ],
22 silly audit   '@jridgewell/gen-mapping': [ '0.3.13' ],
22 silly audit   '@jridgewell/remapping': [ '2.3.5' ],
22 silly audit   '@jridgewell/resolve-uri': [ '3.1.2' ],
22 silly audit   '@jridgewell/sourcemap-codec': [ '1.5.5' ],
22 silly audit   '@jridgewell/trace-mapping': [ '0.3.31' ],
22 silly audit   '@polka/url': [ '1.0.0-next.29' ],
22 silly audit   '@rollup/rollup-android-arm-eabi': [ '4.56.0' ],
22 silly audit   '@rollup/rollup-android-arm64': [ '4.56.0' ],
22 silly audit   '@rollup/rollup-darwin-arm64': [ '4.56.0' ],
22 silly audit   '@rollup/rollup-darwin-x64': [ '4.56.0' ],
22 silly audit   '@rollup/rollup-freebsd-arm64': [ '4.56.0' ],
22 silly audit   '@rollup/rollup-freebsd-x64': [ '4.56.0' ],
22 silly audit   '@rollup/rollup-linux-arm-gnueabihf': [ '4.56.0' ],
22 silly audit   '@rollup/rollup-linux-arm-musleabihf': [ '4.56.0' ],
22 silly audit   '@rollup/rollup-linux-arm64-gnu': [ '4.56.0' ],
22 silly audit   '@rollup/rollup-linux-arm64-musl': [ '4.56.0' ],
22 silly audit   '@rollup/rollup-linux-loong64-gnu': [ '4.56.0' ],
22 silly audit   '@rollup/rollup-linux-loong64-musl': [ '4.56.0' ],
22 silly audit   '@rollup/rollup-linux-ppc64-gnu': [ '4.56.0' ],
22 silly audit   '@rollup/rollup-linux-ppc64-musl': [ '4.56.0' ],
22 silly audit   '@rollup/rollup-linux-riscv64-gnu': [ '4.56.0' ],
22 silly audit   '@rollup/rollup-linux-riscv64-musl': [ '4.56.0' ],
22 silly audit   '@rollup/rollup-linux-s390x-gnu': [ '4.56.0' ],
22 silly audit   '@rollup/rollup-linux-x64-gnu': [ '4.56.0' ],
22 silly audit   '@rollup/rollup-linux-x64-musl': [ '4.56.0' ],
22 silly audit   '@rollup/rollup-openbsd-x64': [ '4.56.0' ],
22 silly audit   '@rollup/rollup-openharmony-arm64': [ '4.56.0' ],
22 silly audit   '@rollup/rollup-win32-arm64-msvc': [ '4.56.0' ],
22 silly audit   '@rollup/rollup-win32-ia32-msvc': [ '4.56.0' ],
22 silly audit   '@rollup/rollup-win32-x64-gnu': [ '4.56.0' ],
22 silly audit   '@rollup/rollup-win32-x64-msvc': [ '4.56.0' ],
22 silly audit   '@standard-schema/spec': [ '1.1.0' ],
22 silly audit   '@sveltejs/acorn-typescript': [ '1.0.8' ],
22 silly audit   '@sveltejs/adapter-static': [ '3.0.10' ],
22 silly audit   '@sveltejs/kit': [ '2.50.1' ],
22 silly audit   '@sveltejs/vite-plugin-svelte': [ '5.1.1' ],
22 silly audit   '@sveltejs/vite-plugin-svelte-inspector': [ '4.0.1' ],
22 silly audit   '@tauri-apps/api': [ '2.9.1' ],
22 silly audit   '@tauri-apps/cli': [ '2.9.6' ],
22 silly audit   '@tauri-apps/cli-darwin-arm64': [ '2.9.6' ],
22 silly audit   '@tauri-apps/cli-darwin-x64': [ '2.9.6' ],
22 silly audit   '@tauri-apps/cli-linux-arm-gnueabihf': [ '2.9.6' ],
22 silly audit   '@tauri-apps/cli-linux-arm64-gnu': [ '2.9.6' ],
22 silly audit   '@tauri-apps/cli-linux-arm64-musl': [ '2.9.6' ],
22 silly audit   '@tauri-apps/cli-linux-riscv64-gnu': [ '2.9.6' ],
22 silly audit   '@tauri-apps/cli-linux-x64-gnu': [ '2.9.6' ],
22 silly audit   '@tauri-apps/cli-linux-x64-musl': [ '2.9.6' ],
22 silly audit   '@tauri-apps/cli-win32-arm64-msvc': [ '2.9.6' ],
22 silly audit   '@tauri-apps/cli-win32-ia32-msvc': [ '2.9.6' ],
22 silly audit   '@tauri-apps/cli-win32-x64-msvc': [ '2.9.6' ],
22 silly audit   '@tauri-apps/plugin-opener': [ '2.5.3' ],
22 silly audit   '@types/cookie': [ '0.6.0' ],
22 silly audit   '@types/estree': [ '1.0.8' ],
22 silly audit   acorn: [ '8.15.0' ],
22 silly audit   argparse: [ '2.0.1' ],
22 silly audit   'aria-query': [ '5.3.2' ],
22 silly audit   'axobject-query': [ '4.1.0' ],
22 silly audit   chokidar: [ '4.0.3' ],
22 silly audit   clsx: [ '2.1.1' ],
22 silly audit   cookie: [ '0.6.0' ],
22 silly audit   'core-util-is': [ '1.0.3' ],
22 silly audit   debug: [ '4.4.3' ],
22 silly audit   deepmerge: [ '4.3.1' ],
22 silly audit   devalue: [ '5.6.2' ],
22 silly audit   entities: [ '4.5.0' ],
22 silly audit   esbuild: [ '0.25.12' ],
22 silly audit   'esm-env': [ '1.2.2' ],
22 silly audit   esrap: [ '2.2.2' ],
22 silly audit   fdir: [ '6.5.0' ],
22 silly audit   fsevents: [ '2.3.3' ],
22 silly audit   immediate: [ '3.0.6' ],
22 silly audit   inherits: [ '2.0.4' ],
22 silly audit   'is-reference': [ '3.0.3' ],
22 silly audit   isarray: [ '1.0.0' ],
22 silly audit   jszip: [ '3.10.1' ],
22 silly audit   kleur: [ '4.1.5' ],
22 silly audit   lie: [ '3.3.0' ],
22 silly audit   'linkify-it': [ '5.0.0' ],
22 silly audit   'locate-character': [ '3.0.0' ],
22 silly audit   'magic-string': [ '0.30.21' ],
22 silly audit   'markdown-it': [ '14.1.0' ],
22 silly audit   mdurl: [ '2.0.0' ],
22 silly audit   mri: [ '1.2.0' ],
22 silly audit   mrmime: [ '2.0.1' ],
22 silly audit   ms: [ '2.1.3' ],
22 silly audit   nanoid: [ '3.3.11' ],
22 silly audit   pako: [ '1.0.11' ],
22 silly audit   picocolors: [ '1.1.1' ],
22 silly audit   picomatch: [ '4.0.3' ],
22 silly audit   postcss: [ '8.5.6' ],
22 silly audit   'process-nextick-args': [ '2.0.1' ],
22 silly audit   'punycode.js': [ '2.3.1' ],
22 silly audit   'readable-stream': [ '2.3.8' ],
22 silly audit   readdirp: [ '4.1.2' ],
22 silly audit   rollup: [ '4.56.0' ],
22 silly audit   sade: [ '1.8.1' ],
22 silly audit   'safe-buffer': [ '5.1.2' ],
22 silly audit   'selenium-webdriver': [ '4.40.0' ],
22 silly audit   'set-cookie-parser': [ '2.7.2' ],
22 silly audit   setimmediate: [ '1.0.5' ],
22 silly audit   sirv: [ '3.0.2' ],
22 silly audit   'source-map-js': [ '1.2.1' ],
22 silly audit   string_decoder: [ '1.1.1' ],
22 silly audit   svelte: [ '5.48.2' ],
22 silly audit   'svelte-check': [ '4.3.5' ],
22 silly audit   tinyglobby: [ '0.2.15' ],
22 silly audit   tmp: [ '0.2.5' ],
22 silly audit   totalist: [ '3.0.1' ],
22 silly audit   typescript: [ '5.6.3' ],
22 silly audit   'uc.micro': [ '2.1.0' ],
22 silly audit   'util-deprecate': [ '1.0.2' ],
22 silly audit   vite: [ '6.4.1' ],
22 silly audit   vitefu: [ '1.1.1' ],
22 silly audit   ws: [ '8.19.0' ],
22 silly audit   zimmerframe: [ '1.1.4' ],
22 silly audit   'highlight.js': [ '11.11.1' ]
22 silly audit }
23 http cache highlight.js@https://registry.npmjs.org/highlight.js/-/highlight.js-11.11.1.tgz 0ms (cache hit)
24 silly tarball no local data for highlight.js@https://registry.npmjs.org/highlight.js/-/highlight.js-11.11.1.tgz. Extracting by manifest.
25 http fetch POST 200 https://registry.npmjs.org/-/npm/v1/security/advisories/bulk 144ms
26 silly audit report {
26 silly audit report   cookie: [
26 silly audit report     {
26 silly audit report       id: 1103907,
26 silly audit report       url: 'https://github.com/advisories/GHSA-pxg6-pf52-xh8x',
26 silly audit report       title: 'cookie accepts cookie name, path, and domain with out of bounds characters',
26 silly audit report       severity: 'low',
26 silly audit report       vulnerable_versions: '<0.7.0',
26 silly audit report       cwe: [Array],
26 silly audit report       cvss: [Object]
26 silly audit report     }
26 silly audit report   ],
26 silly audit report   'markdown-it': [
26 silly audit report     {
26 silly audit report       id: 1113190,
26 silly audit report       url: 'https://github.com/advisories/GHSA-38c4-r59v-3vqw',
26 silly audit report       title: 'markdown-it is has a Regular Expression Denial of Service (ReDoS)',
26 silly audit report       severity: 'moderate',
26 silly audit report       vulnerable_versions: '>=13.0.0 <14.1.1',
26 silly audit report       cwe: [Array],
26 silly audit report       cvss: [Object]
26 silly audit report     }
26 silly audit report   ]
26 silly audit report }
27 silly packumentCache corgi:https://registry.npmjs.org/cookie cache-miss
28 silly packumentCache corgi:https://registry.npmjs.org/markdown-it cache-miss
29 http fetch GET 200 https://registry.npmjs.org/markdown-it 43ms (cache miss)
30 silly packumentCache corgi:https://registry.npmjs.org/markdown-it set size:undefined disposed:false
31 http fetch GET 200 https://registry.npmjs.org/cookie 70ms (cache miss)
32 silly packumentCache corgi:https://registry.npmjs.org/cookie set size:undefined disposed:false
33 silly packumentCache corgi:https://registry.npmjs.org/@sveltejs%2fkit cache-miss
34 http fetch GET 200 https://registry.npmjs.org/@sveltejs%2fkit 93ms (cache miss)
35 silly packumentCache corgi:https://registry.npmjs.org/@sveltejs%2fkit set size:undefined disposed:false
36 silly packumentCache corgi:https://registry.npmjs.org/@sveltejs%2fadapter-static cache-miss
37 http fetch GET 200 https://registry.npmjs.org/@sveltejs%2fadapter-static 589ms (cache miss)
38 silly packumentCache corgi:https://registry.npmjs.org/@sveltejs%2fadapter-static set size:undefined disposed:false
39 http fetch GET 200 https://registry.npmjs.org/highlight.js/-/highlight.js-11.11.1.tgz 1915ms (cache miss)
40 silly ADD node_modules/highlight.js
41 verbose cwd C:\Users\toshi\git\ReflexFiles\app
42 verbose os Windows_NT 10.0.26200
43 verbose node v24.13.0
44 verbose npm  v11.6.2
45 notice
45 notice New minor version of npm available! 11.6.2 -> 11.10.0
45 notice Changelog: https://github.com/npm/cli/releases/tag/v11.10.0
45 notice To update run: npm install -g npm@11.10.0
45 notice  { force: true, Symbol(proc-log.meta): true }
46 verbose exit 0
47 info ok
